<?xml version="1.0" encoding="UTF-8"?>
<!-- Generated by org.testng.reporters.JUnitReportReporter -->
<testsuite hostname="Tejaswi" failures="0" tests="1" name="amazon.ProjectOne.Testcase7_Productdetailspage" time="13.832" errors="0" timestamp="2024-09-09T14:29:19 CDT" skipped="0">
  <testcase classname="amazon.ProjectOne.Testcase7_Productdetailspage" name="prdctdet" time="13.832"/>
  <system-out>
    <![CDATA[Test case is pass]]>
  </system-out>
</testsuite> <!-- amazon.ProjectOne.Testcase7_Productdetailspage -->
