<?xml version="1.0" encoding="UTF-8"?>
<!-- Generated by org.testng.reporters.JUnitReportReporter -->
<testsuite hostname="Tejaswi" failures="0" tests="1" name="amazon.ProjectOne.Testcase6_searchingWithFilters" time="17.621" errors="0" timestamp="2024-08-29T16:47:11 CDT" skipped="0">
  <testcase classname="amazon.ProjectOne.Testcase6_searchingWithFilters" name="filters" time="17.621"/>
  <system-out>
    <![CDATA[Test case is pass]]>
  </system-out>
</testsuite> <!-- amazon.ProjectOne.Testcase6_searchingWithFilters -->
