<?xml version="1.0" encoding="UTF-8"?>
<!-- Generated by org.testng.reporters.JUnitReportReporter -->
<testsuite hostname="Tejaswi" failures="0" tests="1" name="amazon.ProjectOne.Testcase12_Paymentmethod" time="29.811" errors="0" timestamp="2024-08-29T16:47:11 CDT" skipped="0">
  <testcase classname="amazon.ProjectOne.Testcase12_Paymentmethod" name="paymentsmethod" time="29.811"/>
  <system-out>
    <![CDATA[Test case is pass]]>
  </system-out>
</testsuite> <!-- amazon.ProjectOne.Testcase12_Paymentmethod -->
