<?xml version="1.0" encoding="UTF-8"?>
<!-- Generated by org.testng.reporters.JUnitReportReporter -->
<testsuite hostname="Tejaswi" failures="0" tests="2" name="amazon.ProjectOne.Testcase4_EditProfile" time="33.112" errors="0" timestamp="2024-08-28T17:38:21 CDT" skipped="1">
  <testcase classname="amazon.ProjectOne.Testcase4_EditProfile" name="editprfle" time="17.263">
    <skipped/>
  </testcase> <!-- editprfle -->
  <system-out/>
  <testcase classname="amazon.ProjectOne.Testcase4_EditProfile" name="editprfle" time="15.849"/>
  <system-out>
    <![CDATA[Test case is pass]]>
  </system-out>
</testsuite> <!-- amazon.ProjectOne.Testcase4_EditProfile -->
