<?xml version="1.0" encoding="UTF-8"?>
<!-- Generated by org.testng.reporters.JUnitReportReporter -->
<testsuite hostname="Tejaswi" failures="0" tests="1" name="amazon.ProjectOne.Testcase9_addingToCart" time="13.410" errors="0" timestamp="2024-08-29T16:51:26 CDT" skipped="0">
  <testcase classname="amazon.ProjectOne.Testcase9_addingToCart" name="addingtocart" time="13.410"/>
  <system-out>
    <![CDATA[Test case is pass]]>
  </system-out>
</testsuite> <!-- amazon.ProjectOne.Testcase9_addingToCart -->
