<?xml version="1.0" encoding="UTF-8"?>
<!-- Generated by org.testng.reporters.JUnitReportReporter -->
<testsuite hostname="Tejaswi" failures="0" tests="1" name="amazon.ProjectOne.Testcase14_OrderedPage_5StarRating" time="7.363" errors="0" timestamp="2024-08-28T17:38:21 CDT" skipped="0">
  <testcase classname="amazon.ProjectOne.Testcase14_OrderedPage_5StarRating" name="rating" time="7.363"/>
  <system-out>
    <![CDATA[Test case is pass]]>
  </system-out>
</testsuite> <!-- amazon.ProjectOne.Testcase14_OrderedPage_5StarRating -->
