<?xml version="1.0" encoding="UTF-8"?>
<!-- Generated by org.testng.reporters.JUnitReportReporter -->
<testsuite hostname="Tejaswi" failures="0" tests="1" name="amazon.ProjectOne.Testcase9_addingToCart" time="16.954" errors="0" timestamp="2024-09-09T14:29:19 CDT" skipped="0">
  <testcase classname="amazon.ProjectOne.Testcase9_addingToCart" name="addingtocart" time="16.954"/>
  <system-out>
    <![CDATA[Test case is pass]]>
  </system-out>
</testsuite> <!-- amazon.ProjectOne.Testcase9_addingToCart -->
