<?xml version="1.0" encoding="UTF-8"?>
<!-- Generated by org.testng.reporters.JUnitReportReporter -->
<testsuite hostname="Tejaswi" failures="0" tests="2" name="amazon.ProjectOne.Testcase6_searchingWithFilters" time="39.578" errors="0" timestamp="2024-09-09T14:29:19 CDT" skipped="1">
  <testcase classname="amazon.ProjectOne.Testcase6_searchingWithFilters" name="filters" time="17.604"/>
  <system-out>
    <![CDATA[Test case is pass]]>
  </system-out>
  <testcase classname="amazon.ProjectOne.Testcase6_searchingWithFilters" name="filters" time="21.974">
    <skipped/>
  </testcase> <!-- filters -->
  <system-out/>
</testsuite> <!-- amazon.ProjectOne.Testcase6_searchingWithFilters -->
