<?xml version="1.0" encoding="UTF-8"?>
<!-- Generated by org.testng.reporters.JUnitReportReporter -->
<testsuite hostname="Tejaswi" failures="0" tests="1" name="amazon.ProjectOne.Testcase8_sortby_Relevance_Price_Rating" time="17.639" errors="0" timestamp="2024-09-09T14:29:19 CDT" skipped="0">
  <testcase classname="amazon.ProjectOne.Testcase8_sortby_Relevance_Price_Rating" name="sortbyprice" time="17.639"/>
  <system-out>
    <![CDATA[Test case is pass]]>
  </system-out>
</testsuite> <!-- amazon.ProjectOne.Testcase8_sortby_Relevance_Price_Rating -->
