<?xml version="1.0" encoding="UTF-8"?>
<!-- Generated by org.testng.reporters.JUnitReportReporter -->
<testsuite hostname="Tejaswi" failures="0" tests="1" name="amazon.ProjectOne.Testcase7_Productdetailspage" time="10.613" errors="0" timestamp="2024-08-28T17:38:21 CDT" skipped="0">
  <testcase classname="amazon.ProjectOne.Testcase7_Productdetailspage" name="prdctdet" time="10.613"/>
  <system-out>
    <![CDATA[Test case is pass]]>
  </system-out>
</testsuite> <!-- amazon.ProjectOne.Testcase7_Productdetailspage -->
