<?xml version="1.0" encoding="UTF-8"?>
<!-- Generated by org.testng.reporters.JUnitReportReporter -->
<testsuite hostname="Tejaswi" failures="0" tests="3" name="amazon.ProjectOne.Testcase11_untillPaymentsAndOrderdetails" time="65.280" errors="0" timestamp="2024-08-29T16:47:11 CDT" skipped="2">
  <testcase classname="amazon.ProjectOne.Testcase11_untillPaymentsAndOrderdetails" name="checkout" time="17.428">
    <skipped/>
  </testcase> <!-- checkout -->
  <system-out/>
  <testcase classname="amazon.ProjectOne.Testcase11_untillPaymentsAndOrderdetails" name="checkout" time="28.741"/>
  <system-out>
    <![CDATA[Test case is pass]]>
  </system-out>
  <testcase classname="amazon.ProjectOne.Testcase11_untillPaymentsAndOrderdetails" name="checkout" time="19.111">
    <skipped/>
  </testcase> <!-- checkout -->
  <system-out/>
</testsuite> <!-- amazon.ProjectOne.Testcase11_untillPaymentsAndOrderdetails -->
