<?xml version="1.0" encoding="UTF-8"?>
<!-- Generated by org.testng.reporters.JUnitReportReporter -->
<testsuite hostname="Tejaswi" failures="0" tests="2" name="amazon.ProjectOne.Testcase2_for_Loginwith_CorrectCredentials" time="35.817" errors="0" timestamp="2024-08-29T16:51:26 CDT" skipped="1">
  <testcase classname="amazon.ProjectOne.Testcase2_for_Loginwith_CorrectCredentials" name="login" time="16.880"/>
  <system-out>
    <![CDATA[Test case is pass]]>
  </system-out>
  <testcase classname="amazon.ProjectOne.Testcase2_for_Loginwith_CorrectCredentials" name="login" time="18.937">
    <skipped/>
  </testcase> <!-- login -->
  <system-out/>
</testsuite> <!-- amazon.ProjectOne.Testcase2_for_Loginwith_CorrectCredentials -->
