<?xml version="1.0" encoding="UTF-8"?>
<!-- Generated by org.testng.reporters.JUnitReportReporter -->
<testsuite hostname="Tejaswi" failures="0" tests="2" name="amazon.ProjectOne.Testcase8_sortby_Relevance_Price_Rating" time="30.777" errors="0" timestamp="2024-08-30T22:46:13 CDT" skipped="1">
  <testcase classname="amazon.ProjectOne.Testcase8_sortby_Relevance_Price_Rating" name="sortbyprice" time="17.948">
    <skipped/>
  </testcase> <!-- sortbyprice -->
  <testcase classname="amazon.ProjectOne.Testcase8_sortby_Relevance_Price_Rating" name="sortbyprice" time="12.829">
    <system-out>
      <![CDATA[Test case is pass]]>
    </system-out>
  </testcase> <!-- sortbyprice -->
  <system-out>
    <![CDATA[Test case is pass
Test case is pass
Test case is pass
Test case is pass
Test case is pass
Test case is pass]]>
  </system-out>
</testsuite> <!-- amazon.ProjectOne.Testcase8_sortby_Relevance_Price_Rating -->
