<?xml version="1.0" encoding="UTF-8"?>
<!-- Generated by org.testng.reporters.JUnitReportReporter -->
<testsuite hostname="Tejaswi" failures="0" tests="1" name="amazon.ProjectOne.Testcase2_for_Loginwith_CorrectCredentials" time="16.106" errors="0" timestamp="2024-08-30T22:46:13 CDT" skipped="0">
  <testcase classname="amazon.ProjectOne.Testcase2_for_Loginwith_CorrectCredentials" name="login" time="16.106">
    <system-out>
      <![CDATA[Test case is pass]]>
    </system-out>
  </testcase> <!-- login -->
  <system-out>
    <![CDATA[Test case is pass
Test case is pass
Test case is pass
Test case is pass
Test case is pass
Test case is pass]]>
  </system-out>
</testsuite> <!-- amazon.ProjectOne.Testcase2_for_Loginwith_CorrectCredentials -->
