<?xml version="1.0" encoding="UTF-8"?>
<!-- Generated by org.testng.reporters.JUnitReportReporter -->
<testsuite hostname="Tejaswi" failures="0" tests="1" name="amazon.ProjectOne.Testcase10_CartQuantitles" time="20.099" errors="0" timestamp="2024-09-09T09:34:26 CDT" skipped="0">
  <testcase classname="amazon.ProjectOne.Testcase10_CartQuantitles" name="cartquantity" time="20.099">
    <system-out>
      <![CDATA[Test case is pass]]>
    </system-out>
  </testcase> <!-- cartquantity -->
  <system-out>
    <![CDATA[Testcase is failed
Test case is pass
Test case is pass
Test case is pass
Test case is pass
Test case is pass]]>
  </system-out>
</testsuite> <!-- amazon.ProjectOne.Testcase10_CartQuantitles -->
