<?xml version="1.0" encoding="UTF-8"?>
<!-- Generated by org.testng.reporters.JUnitReportReporter -->
<testsuite hostname="Tejaswi" failures="0" tests="1" name="amazon.ProjectOne.Testcase15_ReachCartPage" time="17.575" errors="0" timestamp="2024-08-30T22:46:13 CDT" skipped="0">
  <testcase classname="amazon.ProjectOne.Testcase15_ReachCartPage" name="cartpagewithoutlogin" time="17.575">
    <system-out>
      <![CDATA[Test case is pass]]>
    </system-out>
  </testcase> <!-- cartpagewithoutlogin -->
  <system-out>
    <![CDATA[Test case is pass
Test case is pass
Test case is pass
Test case is pass
Test case is pass
Test case is pass]]>
  </system-out>
</testsuite> <!-- amazon.ProjectOne.Testcase15_ReachCartPage -->
