<?xml version="1.0" encoding="UTF-8"?>
<!-- Generated by org.testng.reporters.JUnitReportReporter -->
<testsuite hostname="Tejaswi" failures="0" tests="2" name="amazon.ProjectOne.Testcase2_for_Loginwith_CorrectCredentials" time="26.109" errors="0" timestamp="2024-09-09T14:34:09 CDT" skipped="1">
  <testcase classname="amazon.ProjectOne.Testcase2_for_Loginwith_CorrectCredentials" name="login" time="12.307">
    <skipped/>
  </testcase> <!-- login -->
  <testcase classname="amazon.ProjectOne.Testcase2_for_Loginwith_CorrectCredentials" name="login" time="13.802">
    <system-out>
      <![CDATA[Test case is pass]]>
    </system-out>
  </testcase> <!-- login -->
  <system-out>
    <![CDATA[Test case is pass
Test case is pass
Test case is pass
Test case is pass
Test case is pass
Test case is pass
Test case is pass
Test case is pass]]>
  </system-out>
</testsuite> <!-- amazon.ProjectOne.Testcase2_for_Loginwith_CorrectCredentials -->
